<?xml version="1.0" encoding="UTF-8"?>
<!-- Generated by org.testng.reporters.JUnitXMLReporter -->
<testsuite ignored="0" hostname="DESKTOP-PTALQF0" failures="0" tests="4" name="Default test" time="189.54" errors="0" timestamp="2023-06-28T12:36:13 IST">
  <testcase classname="Methods.Exelwash_Operations" name="enter_user_SignUp_Details" time="76.182"/>
  <testcase classname="Methods.Exelwash_Operations" name="enter_user_Login_Details" time="37.369"/>
  <testcase classname="Methods.Exelwash_Operations" name="click_On_Services" time="39.173"/>
  <testcase classname="Methods.Exelwash_Operations" name="chacking_Home_Page_Functionality" time="36.732"/>
</testsuite> <!-- Default test -->
